<?xml version="1.0" encoding="UTF-8"?>
<!-- Generated by org.testng.reporters.JUnitReportReporter -->
<testsuite hostname="LAPTOP-T5UUI42F" failures="0" tests="3" name="com.crm.qa.testcases.WorkspacePageTest" time="35.459" errors="0" timestamp="2022-02-22T00:19:29 IST" skipped="0">
  <testcase classname="com.crm.qa.testcases.WorkspacePageTest" name="verifyWorkspacePagelabel" time="13.279"/>
  <system-out/>
  <testcase classname="com.crm.qa.testcases.WorkspacePageTest" name="verifyWorkSpaceTask" time="11.963"/>
  <system-out/>
  <testcase classname="com.crm.qa.testcases.WorkspacePageTest" name="verifyMultiWorkSpaceTask" time="10.217"/>
  <system-out/>
</testsuite> <!-- com.crm.qa.testcases.WorkspacePageTest -->
