<?xml version="1.0" encoding="UTF-8"?>
<!-- Generated by org.testng.reporters.JUnitReportReporter -->
<testsuite hostname="LAPTOP-T5UUI42F" failures="0" tests="3" name="com.crm.qa.testcases.HomePageTest" time="101.062" errors="0" timestamp="2022-02-23T21:46:38 IST" skipped="0">
  <testcase classname="com.crm.qa.testcases.HomePageTest" name="verifyHomePageTitleTest" time="36.913"/>
  <system-out/>
  <testcase classname="com.crm.qa.testcases.HomePageTest" name="userNameLabelTest" time="36.911"/>
  <system-out/>
  <testcase classname="com.crm.qa.testcases.HomePageTest" name="contactsButtonLink" time="27.238"/>
  <system-out/>
</testsuite> <!-- com.crm.qa.testcases.HomePageTest -->
