<?xml version="1.0" encoding="UTF-8"?>
<!-- Generated by org.testng.reporters.JUnitReportReporter -->
<testsuite hostname="LAPTOP-T5UUI42F" failures="0" tests="1" name="com.crm.qa.testcases.HomePageTest" time="38.381" errors="0" timestamp="24 Feb 2022 18:11:04 GMT" skipped="0">
  <testcase classname="com.crm.qa.testcases.HomePageTest" name="verifyHomePageTitleTest" time="38.381"/>
</testsuite> <!-- com.crm.qa.testcases.HomePageTest -->
